c:\github\university_teamproject_algorithm\trapdefense\x64\debug\vc143.pdb
c:\github\university_teamproject_algorithm\trapdefense\x64\debug\vc143.idb
c:\github\university_teamproject_algorithm\trapdefense\x64\debug\upgrade.obj
c:\github\university_teamproject_algorithm\trapdefense\x64\debug\main.obj
c:\github\university_teamproject_algorithm\trapdefense\x64\debug\gamemanager.obj
c:\github\university_teamproject_algorithm\trapdefense\x64\debug\printmanager.obj
c:\github\university_teamproject_algorithm\trapdefense\x64\debug\trapdefense.pdb
c:\github\university_teamproject_algorithm\trapdefense\x64\debug\trapdefense.tlog\cl.command.1.tlog
c:\github\university_teamproject_algorithm\trapdefense\x64\debug\trapdefense.tlog\cl.read.1.tlog
c:\github\university_teamproject_algorithm\trapdefense\x64\debug\trapdefense.tlog\cl.write.1.tlog
c:\github\university_teamproject_algorithm\trapdefense\x64\debug\trapdefense.tlog\link-cvtres.read.1.tlog
c:\github\university_teamproject_algorithm\trapdefense\x64\debug\trapdefense.tlog\link-cvtres.write.1.tlog
c:\github\university_teamproject_algorithm\trapdefense\x64\debug\trapdefense.tlog\link-rc.read.1.tlog
c:\github\university_teamproject_algorithm\trapdefense\x64\debug\trapdefense.tlog\link-rc.write.1.tlog
c:\github\university_teamproject_algorithm\trapdefense\x64\debug\trapdefense.tlog\link.9516-cvtres.read.1.tlog
c:\github\university_teamproject_algorithm\trapdefense\x64\debug\trapdefense.tlog\link.9516-cvtres.write.1.tlog
c:\github\university_teamproject_algorithm\trapdefense\x64\debug\trapdefense.tlog\link.9516-rc.read.1.tlog
c:\github\university_teamproject_algorithm\trapdefense\x64\debug\trapdefense.tlog\link.9516-rc.write.1.tlog
c:\github\university_teamproject_algorithm\trapdefense\x64\debug\trapdefense.tlog\link.9516.read.1.tlog
c:\github\university_teamproject_algorithm\trapdefense\x64\debug\trapdefense.tlog\link.9516.read.2.tlog
c:\github\university_teamproject_algorithm\trapdefense\x64\debug\trapdefense.tlog\link.9516.write.1.tlog
c:\github\university_teamproject_algorithm\trapdefense\x64\debug\trapdefense.tlog\link.command.1.tlog
c:\github\university_teamproject_algorithm\trapdefense\x64\debug\trapdefense.tlog\link.read.1.tlog
c:\github\university_teamproject_algorithm\trapdefense\x64\debug\trapdefense.tlog\link.read.2.tlog
c:\github\university_teamproject_algorithm\trapdefense\x64\debug\trapdefense.tlog\link.write.1.tlog
